[W 21:23:31.190 NotebookApp] All authentication is disabled.  Anyone who can connect to this server will be able to run code.
[I 21:23:31.190 NotebookApp] The port 8888 is already in use, trying another port.
[I 21:23:31.499 NotebookApp] Serving notebooks from local directory: /Users/youxuehu/PycharmProjects/JupyterNotebook-Base
[I 21:23:31.499 NotebookApp] The Jupyter Notebook is running at:
[I 21:23:31.499 NotebookApp] http://youxuehudeiMac.lan:8889/
[I 21:23:31.499 NotebookApp] Use Control-C to stop this server and shut down all kernels (twice to skip confirmation).
[I 21:23:33.407 NotebookApp] Welcome to TigerFileManager.get.
[I 21:23:33.407 NotebookApp] Welcome to TigerFileManager.get > path at 
[I 21:23:33.407 NotebookApp] Welcome to TigerFileManager.get > content at 1
[I 21:23:33.407 NotebookApp] Welcome to TigerFileManager.get > type at directory
[I 21:23:33.407 NotebookApp] Welcome to TigerFileManager.get > format at None
[I 21:23:33.408 NotebookApp] Welcome to TigerFileManager.get.
[I 21:23:33.408 NotebookApp] Welcome to TigerFileManager.get > path at /install.sh
[I 21:23:33.408 NotebookApp] Welcome to TigerFileManager.get > content at False
[I 21:23:33.408 NotebookApp] Welcome to TigerFileManager.get > type at None
[I 21:23:33.408 NotebookApp] Welcome to TigerFileManager.get > format at None
[I 21:23:33.408 NotebookApp] Welcome to TigerFileManager.get.
[I 21:23:33.408 NotebookApp] Welcome to TigerFileManager.get > path at /__init__.py
[I 21:23:33.408 NotebookApp] Welcome to TigerFileManager.get > content at False
[I 21:23:33.408 NotebookApp] Welcome to TigerFileManager.get > type at None
[I 21:23:33.408 NotebookApp] Welcome to TigerFileManager.get > format at None
[I 21:23:33.408 NotebookApp] Welcome to TigerFileManager.get.
[I 21:23:33.408 NotebookApp] Welcome to TigerFileManager.get > path at /run.sh
[I 21:23:33.408 NotebookApp] Welcome to TigerFileManager.get > content at False
[I 21:23:33.408 NotebookApp] Welcome to TigerFileManager.get > type at None
[I 21:23:33.408 NotebookApp] Welcome to TigerFileManager.get > format at None
[I 21:23:33.409 NotebookApp] Welcome to TigerFileManager.get.
[I 21:23:33.409 NotebookApp] Welcome to TigerFileManager.get > path at /setup.py
[I 21:23:33.409 NotebookApp] Welcome to TigerFileManager.get > content at False
[I 21:23:33.409 NotebookApp] Welcome to TigerFileManager.get > type at None
[I 21:23:33.409 NotebookApp] Welcome to TigerFileManager.get > format at None
[I 21:23:33.409 NotebookApp] Welcome to TigerFileManager.get.
[I 21:23:33.409 NotebookApp] Welcome to TigerFileManager.get > path at /jupyter.log
[I 21:23:33.409 NotebookApp] Welcome to TigerFileManager.get > content at False
[I 21:23:33.409 NotebookApp] Welcome to TigerFileManager.get > type at None
[I 21:23:33.409 NotebookApp] Welcome to TigerFileManager.get > format at None
[I 21:23:33.409 NotebookApp] Welcome to TigerFileManager.get.
[I 21:23:33.409 NotebookApp] Welcome to TigerFileManager.get > path at /JupyterNotebookBase
[I 21:23:33.409 NotebookApp] Welcome to TigerFileManager.get > content at False
[I 21:23:33.409 NotebookApp] Welcome to TigerFileManager.get > type at None
[I 21:23:33.409 NotebookApp] Welcome to TigerFileManager.get > format at None
[I 21:23:33.409 NotebookApp] Welcome to TigerFileManager.get.
[I 21:23:33.410 NotebookApp] Welcome to TigerFileManager.get > path at /jupyter.pid
[I 21:23:33.410 NotebookApp] Welcome to TigerFileManager.get > content at False
[I 21:23:33.410 NotebookApp] Welcome to TigerFileManager.get > type at None
[I 21:23:33.410 NotebookApp] Welcome to TigerFileManager.get > format at None
/Users/youxuehu/miniconda3/lib/python3.6/json/encoder.py:257: UserWarning: date_default is deprecated since jupyter_client 7.0.0. Use jupyter_client.jsonutil.json_default.
  return _iterencode(o, 0)
[W 21:23:34.531 NotebookApp] 404 GET /nbextensions/nbextensions_configurator/tree_tab/main.js?v=20211208212330 (127.0.0.1) 7.83ms referer=http://0.0.0.0:8889/tree
[W 21:24:58.295 NotebookApp] All authentication is disabled.  Anyone who can connect to this server will be able to run code.
[I 21:24:58.537 NotebookApp] Serving notebooks from local directory: /Users/youxuehu/PycharmProjects/JupyterNotebook-Base
[I 21:24:58.537 NotebookApp] The Jupyter Notebook is running at:
[I 21:24:58.537 NotebookApp] http://youxuehudeiMac.lan:8888/
[I 21:24:58.537 NotebookApp] Use Control-C to stop this server and shut down all kernels (twice to skip confirmation).
[W 21:25:00.110 NotebookApp] 404 GET /nbextensions/nbextensions_configurator/tree_tab/main.js?v=20211208212458 (127.0.0.1) 6.23ms referer=http://0.0.0.0:8888/tree
[I 21:25:00.111 NotebookApp] Welcome to TigerFileManager.get.
[I 21:25:00.111 NotebookApp] Welcome to TigerFileManager.get > path at 
[I 21:25:00.111 NotebookApp] Welcome to TigerFileManager.get > content at 1
[I 21:25:00.111 NotebookApp] Welcome to TigerFileManager.get > type at directory
[I 21:25:00.111 NotebookApp] Welcome to TigerFileManager.get > format at None
[I 21:25:00.112 NotebookApp] Welcome to TigerFileManager.get.
[I 21:25:00.112 NotebookApp] Welcome to TigerFileManager.get > path at /install.sh
[I 21:25:00.112 NotebookApp] Welcome to TigerFileManager.get > content at False
[I 21:25:00.112 NotebookApp] Welcome to TigerFileManager.get > type at None
[I 21:25:00.112 NotebookApp] Welcome to TigerFileManager.get > format at None
[I 21:25:00.112 NotebookApp] Welcome to TigerFileManager.get.
[I 21:25:00.112 NotebookApp] Welcome to TigerFileManager.get > path at /__init__.py
[I 21:25:00.112 NotebookApp] Welcome to TigerFileManager.get > content at False
[I 21:25:00.112 NotebookApp] Welcome to TigerFileManager.get > type at None
[I 21:25:00.112 NotebookApp] Welcome to TigerFileManager.get > format at None
[I 21:25:00.113 NotebookApp] Welcome to TigerFileManager.get.
[I 21:25:00.113 NotebookApp] Welcome to TigerFileManager.get > path at /run.sh
[I 21:25:00.113 NotebookApp] Welcome to TigerFileManager.get > content at False
[I 21:25:00.113 NotebookApp] Welcome to TigerFileManager.get > type at None
[I 21:25:00.113 NotebookApp] Welcome to TigerFileManager.get > format at None
[I 21:25:00.113 NotebookApp] Welcome to TigerFileManager.get.
[I 21:25:00.113 NotebookApp] Welcome to TigerFileManager.get > path at /setup.py
[I 21:25:00.113 NotebookApp] Welcome to TigerFileManager.get > content at False
[I 21:25:00.113 NotebookApp] Welcome to TigerFileManager.get > type at None
[I 21:25:00.113 NotebookApp] Welcome to TigerFileManager.get > format at None
[I 21:25:00.113 NotebookApp] Welcome to TigerFileManager.get.
[I 21:25:00.113 NotebookApp] Welcome to TigerFileManager.get > path at /jupyter.log
[I 21:25:00.113 NotebookApp] Welcome to TigerFileManager.get > content at False
[I 21:25:00.113 NotebookApp] Welcome to TigerFileManager.get > type at None
[I 21:25:00.113 NotebookApp] Welcome to TigerFileManager.get > format at None
[I 21:25:00.113 NotebookApp] Welcome to TigerFileManager.get.
[I 21:25:00.113 NotebookApp] Welcome to TigerFileManager.get > path at /JupyterNotebookBase
[I 21:25:00.113 NotebookApp] Welcome to TigerFileManager.get > content at False
[I 21:25:00.114 NotebookApp] Welcome to TigerFileManager.get > type at None
[I 21:25:00.114 NotebookApp] Welcome to TigerFileManager.get > format at None
[I 21:25:00.114 NotebookApp] Welcome to TigerFileManager.get.
[I 21:25:00.114 NotebookApp] Welcome to TigerFileManager.get > path at /jupyter.pid
[I 21:25:00.114 NotebookApp] Welcome to TigerFileManager.get > content at False
[I 21:25:00.114 NotebookApp] Welcome to TigerFileManager.get > type at None
[I 21:25:00.114 NotebookApp] Welcome to TigerFileManager.get > format at None
/Users/youxuehu/miniconda3/lib/python3.6/json/encoder.py:257: UserWarning: date_default is deprecated since jupyter_client 7.0.0. Use jupyter_client.jsonutil.json_default.
  return _iterencode(o, 0)
[W 21:25:11.234 NotebookApp] 404 GET /api/kernels/53875f84-d100-4375-a6bc-d52cab624702/channels?session_id=9e59b9d299fa43f9ae0df6af01b635b4 (127.0.0.1): Kernel does not exist: 53875f84-d100-4375-a6bc-d52cab624702
[W 21:25:11.235 NotebookApp] 404 GET /api/kernels/53875f84-d100-4375-a6bc-d52cab624702/channels?session_id=9e59b9d299fa43f9ae0df6af01b635b4 (127.0.0.1) 2.23ms referer=None
[I 21:25:16.591 NotebookApp] Welcome to TigerFileManager.get.
[I 21:25:16.591 NotebookApp] Welcome to TigerFileManager.get > path at 
[I 21:25:16.591 NotebookApp] Welcome to TigerFileManager.get > content at 1
[I 21:25:16.591 NotebookApp] Welcome to TigerFileManager.get > type at directory
[I 21:25:16.591 NotebookApp] Welcome to TigerFileManager.get > format at None
[I 21:25:16.592 NotebookApp] Welcome to TigerFileManager.get.
[I 21:25:16.592 NotebookApp] Welcome to TigerFileManager.get > path at /install.sh
[I 21:25:16.592 NotebookApp] Welcome to TigerFileManager.get > content at False
[I 21:25:16.592 NotebookApp] Welcome to TigerFileManager.get > type at None
[I 21:25:16.592 NotebookApp] Welcome to TigerFileManager.get > format at None
[I 21:25:16.592 NotebookApp] Welcome to TigerFileManager.get.
[I 21:25:16.592 NotebookApp] Welcome to TigerFileManager.get > path at /__init__.py
[I 21:25:16.592 NotebookApp] Welcome to TigerFileManager.get > content at False
[I 21:25:16.592 NotebookApp] Welcome to TigerFileManager.get > type at None
[I 21:25:16.592 NotebookApp] Welcome to TigerFileManager.get > format at None
[I 21:25:16.593 NotebookApp] Welcome to TigerFileManager.get.
[I 21:25:16.593 NotebookApp] Welcome to TigerFileManager.get > path at /run.sh
[I 21:25:16.593 NotebookApp] Welcome to TigerFileManager.get > content at False
[I 21:25:16.593 NotebookApp] Welcome to TigerFileManager.get > type at None
[I 21:25:16.593 NotebookApp] Welcome to TigerFileManager.get > format at None
[I 21:25:16.593 NotebookApp] Welcome to TigerFileManager.get.
[I 21:25:16.593 NotebookApp] Welcome to TigerFileManager.get > path at /setup.py
[I 21:25:16.593 NotebookApp] Welcome to TigerFileManager.get > content at False
[I 21:25:16.593 NotebookApp] Welcome to TigerFileManager.get > type at None
[I 21:25:16.593 NotebookApp] Welcome to TigerFileManager.get > format at None
[I 21:25:16.593 NotebookApp] Welcome to TigerFileManager.get.
[I 21:25:16.593 NotebookApp] Welcome to TigerFileManager.get > path at /jupyter.log
[I 21:25:16.593 NotebookApp] Welcome to TigerFileManager.get > content at False
[I 21:25:16.593 NotebookApp] Welcome to TigerFileManager.get > type at None
[I 21:25:16.594 NotebookApp] Welcome to TigerFileManager.get > format at None
[I 21:25:16.594 NotebookApp] Welcome to TigerFileManager.get.
[I 21:25:16.594 NotebookApp] Welcome to TigerFileManager.get > path at /JupyterNotebookBase
[I 21:25:16.594 NotebookApp] Welcome to TigerFileManager.get > content at False
[I 21:25:16.594 NotebookApp] Welcome to TigerFileManager.get > type at None
[I 21:25:16.594 NotebookApp] Welcome to TigerFileManager.get > format at None
[I 21:25:16.594 NotebookApp] Welcome to TigerFileManager.get.
[I 21:25:16.594 NotebookApp] Welcome to TigerFileManager.get > path at /jupyter.pid
[I 21:25:16.594 NotebookApp] Welcome to TigerFileManager.get > content at False
[I 21:25:16.594 NotebookApp] Welcome to TigerFileManager.get > type at None
[I 21:25:16.594 NotebookApp] Welcome to TigerFileManager.get > format at None
[W 21:25:43.762 NotebookApp] Replacing stale connection: 53875f84-d100-4375-a6bc-d52cab624702:9e59b9d299fa43f9ae0df6af01b635b4
[I 21:26:34.556 NotebookApp] Welcome to TigerFileManager.get.
[I 21:26:34.557 NotebookApp] Welcome to TigerFileManager.get > path at 
[I 21:26:34.557 NotebookApp] Welcome to TigerFileManager.get > content at 1
[I 21:26:34.557 NotebookApp] Welcome to TigerFileManager.get > type at directory
[I 21:26:34.557 NotebookApp] Welcome to TigerFileManager.get > format at None
[I 21:26:34.557 NotebookApp] Welcome to TigerFileManager.get.
[I 21:26:34.557 NotebookApp] Welcome to TigerFileManager.get > path at /install.sh
[I 21:26:34.558 NotebookApp] Welcome to TigerFileManager.get > content at False
[I 21:26:34.558 NotebookApp] Welcome to TigerFileManager.get > type at None
[I 21:26:34.558 NotebookApp] Welcome to TigerFileManager.get > format at None
[I 21:26:34.558 NotebookApp] Welcome to TigerFileManager.get.
[I 21:26:34.558 NotebookApp] Welcome to TigerFileManager.get > path at /__init__.py
[I 21:26:34.558 NotebookApp] Welcome to TigerFileManager.get > content at False
[I 21:26:34.558 NotebookApp] Welcome to TigerFileManager.get > type at None
[I 21:26:34.558 NotebookApp] Welcome to TigerFileManager.get > format at None
[I 21:26:34.558 NotebookApp] Welcome to TigerFileManager.get.
[I 21:26:34.559 NotebookApp] Welcome to TigerFileManager.get > path at /run.sh
[I 21:26:34.559 NotebookApp] Welcome to TigerFileManager.get > content at False
[I 21:26:34.559 NotebookApp] Welcome to TigerFileManager.get > type at None
[I 21:26:34.559 NotebookApp] Welcome to TigerFileManager.get > format at None
[I 21:26:34.559 NotebookApp] Welcome to TigerFileManager.get.
[I 21:26:34.559 NotebookApp] Welcome to TigerFileManager.get > path at /setup.py
[I 21:26:34.559 NotebookApp] Welcome to TigerFileManager.get > content at False
[I 21:26:34.559 NotebookApp] Welcome to TigerFileManager.get > type at None
[I 21:26:34.560 NotebookApp] Welcome to TigerFileManager.get > format at None
[I 21:26:34.560 NotebookApp] Welcome to TigerFileManager.get.
[I 21:26:34.560 NotebookApp] Welcome to TigerFileManager.get > path at /jupyter.log
[I 21:26:34.560 NotebookApp] Welcome to TigerFileManager.get > content at False
[I 21:26:34.560 NotebookApp] Welcome to TigerFileManager.get > type at None
[I 21:26:34.560 NotebookApp] Welcome to TigerFileManager.get > format at None
[I 21:26:34.560 NotebookApp] Welcome to TigerFileManager.get.
[I 21:26:34.560 NotebookApp] Welcome to TigerFileManager.get > path at /JupyterNotebookBase
[I 21:26:34.560 NotebookApp] Welcome to TigerFileManager.get > content at False
[I 21:26:34.560 NotebookApp] Welcome to TigerFileManager.get > type at None
[I 21:26:34.560 NotebookApp] Welcome to TigerFileManager.get > format at None
[I 21:26:34.560 NotebookApp] Welcome to TigerFileManager.get.
[I 21:26:34.560 NotebookApp] Welcome to TigerFileManager.get > path at /jupyter.pid
[I 21:26:34.560 NotebookApp] Welcome to TigerFileManager.get > content at False
[I 21:26:34.560 NotebookApp] Welcome to TigerFileManager.get > type at None
[I 21:26:34.560 NotebookApp] Welcome to TigerFileManager.get > format at None
[I 21:26:47.310 NotebookApp] Welcome to TigerFileManager.get.
[I 21:26:47.310 NotebookApp] Welcome to TigerFileManager.get > path at /JupyterNotebookBase/JupyterNotebook_Base.ipynb
[I 21:26:47.310 NotebookApp] Welcome to TigerFileManager.get > content at 0
[I 21:26:47.310 NotebookApp] Welcome to TigerFileManager.get > type at None
[I 21:26:47.310 NotebookApp] Welcome to TigerFileManager.get > format at None
